#
# There is insufficient memory for the Java Runtime Environment to continue.
# Native memory allocation (mmap) failed to map 132120576 bytes for Failed to commit area from 0x0000000082600000 to 0x000000008a400000 of length 132120576.
# Possible reasons:
#   The system is out of physical RAM or swap space
#   The process is running with CompressedOops enabled, and the Java Heap may be blocking the growth of the native heap
# Possible solutions:
#   Reduce memory load on the system
#   Increase physical memory or swap space
#   Check if swap backing store is full
#   Decrease Java heap size (-Xmx/-Xms)
#   Decrease number of Java threads
#   Decrease Java thread stack sizes (-Xss)
#   Set larger code cache with -XX:ReservedCodeCacheSize=
#   JVM is running with Unscaled Compressed Oops mode in which the Java heap is
#     placed in the first 4GB address space. The Java Heap base address is the
#     maximum limit for the native heap growth. Please use -XX:HeapBaseMinAddress
#     to set the Java Heap base and to place the Java Heap above 4GB virtual address.
# This output file may be truncated or incomplete.
#
#  Out of Memory Error (./open/src/hotspot/os/windows/os_windows.cpp:3315), pid=5872, tid=9864
#
# JRE version:  (14.0.1+7) (build )
# Java VM: Java HotSpot(TM) 64-Bit Server VM (14.0.1+7, mixed mode, sharing, tiered, compressed oops, g1 gc, windows-amd64)
# No core dump will be written. Minidumps are not enabled by default on client versions of Windows
#

---------------  S U M M A R Y ------------

Command Line: -Dfile.encoding=Cp1252 it.begear.esercizi.giorno4.esercizio4.Main1

Host: Intel(R) Core(TM) i5-9300H CPU @ 2.40GHz, 8 cores, 7G,  Windows 10 , 64 bit Build 18362 (10.0.18362.900)
Time: Mon Jul  6 11:23:20 2020 ora legale Europa occidentale elapsed time: 0 seconds (0d 0h 0m 0s)

---------------  T H R E A D  ---------------

Current thread (0x000001ac35b0a800):  JavaThread "Unknown thread" [_thread_in_vm, id=9864, stack(0x0000006f59e00000,0x0000006f59f00000)]

Stack: [0x0000006f59e00000,0x0000006f59f00000]
Native frames: (J=compiled Java code, j=interpreted, Vv=VM code, C=native code)
V  [jvm.dll+0x5f840a]
V  [jvm.dll+0x741e4a]
V  [jvm.dll+0x7435ff]
V  [jvm.dll+0x743c43]
V  [jvm.dll+0x20d288]
V  [jvm.dll+0x5f57ba]
V  [jvm.dll+0x5ea615]
V  [jvm.dll+0x2c7e9c]
V  [jvm.dll+0x2c7cd2]
V  [jvm.dll+0x2cdbbc]
V  [jvm.dll+0x313ff8]
V  [jvm.dll+0x313720]
V  [jvm.dll+0x2a092a]
V  [jvm.dll+0x2a1a79]
V  [jvm.dll+0x71f718]
V  [jvm.dll+0x321c44]
V  [jvm.dll+0x700b0c]
V  [jvm.dll+0x392dff]
V  [jvm.dll+0x394e71]
C  [jli.dll+0x523b]
C  [ucrtbase.dll+0x20e82]
C  [KERNEL32.DLL+0x17bd4]
C  [ntdll.dll+0x6ce51]


---------------  P R O C E S S  ---------------

Threads class SMR info:
_java_thread_list=0x00007ffb5f2b3078, length=0, elements={
}

Java Threads: ( => current thread )

Other Threads:
  0x000001ac35b4d000 GCTaskThread "GC Thread#0" [stack: 0x0000006f59f00000,0x0000006f5a000000] [id=15736]
  0x000001ac35b5e800 ConcurrentGCThread "G1 Main Marker" [stack: 0x0000006f5a000000,0x0000006f5a100000] [id=12032]
  0x000001ac35b60000 ConcurrentGCThread "G1 Conc#0" [stack: 0x0000006f5a100000,0x0000006f5a200000] [id=11536]

[error occurred during error reporting (printing all threads), id 0xc0000005, EXCEPTION_ACCESS_VIOLATION (0xc0000005) at pc=0x00007ffb5eae1257]

VM state:not at safepoint (not fully initialized)

VM Mutex/Monitor currently owned by a thread:  ([mutex/lock_event])
[0x000001ac35b083e0] Heap_lock - owner thread: 0x000001ac35b0a800

Heap address: 0x0000000082600000, size: 2010 MB, Compressed Oops mode: 32-bit
Narrow klass base: 0x0000000000000000, Narrow klass shift: 0

GC Heap History (0 events):
No events

Deoptimization events (0 events):
No events

Classes unloaded (0 events):
No events

Classes redefined (0 events):
No events

Internal exceptions (0 events):
No events

Events (2 events):
Event: 0.005 Loaded shared library C:\Program Files\Java\jdk-14.0.1\bin\java.dll
Event: 0.005 Loaded shared library C:\Program Files\Java\jdk-14.0.1\bin\zip.dll


Dynamic libraries:
0x00007ff7c2f90000 - 0x00007ff7c2f9f000 	C:\Program Files\Java\jdk-14.0.1\bin\javaw.exe
0x00007ffb93720000 - 0x00007ffb93910000 	C:\WINDOWS\SYSTEM32\ntdll.dll
0x00007ffb92dc0000 - 0x00007ffb92e72000 	C:\WINDOWS\System32\KERNEL32.DLL
0x00007ffb906e0000 - 0x00007ffb90984000 	C:\WINDOWS\System32\KERNELBASE.dll
0x00007ffb916d0000 - 0x00007ffb917ca000 	C:\WINDOWS\System32\ucrtbase.dll
0x00007ffb8a4f0000 - 0x00007ffb8a508000 	C:\Program Files\Java\jdk-14.0.1\bin\jli.dll
0x00007ffb8a430000 - 0x00007ffb8a445000 	C:\Program Files\Java\jdk-14.0.1\bin\VCRUNTIME140.dll
0x00007ffb91e50000 - 0x00007ffb91ef3000 	C:\WINDOWS\System32\ADVAPI32.dll
0x00007ffb92960000 - 0x00007ffb929fe000 	C:\WINDOWS\System32\msvcrt.dll
0x00007ffb917d0000 - 0x00007ffb91867000 	C:\WINDOWS\System32\sechost.dll
0x00007ffb91ab0000 - 0x00007ffb91bd0000 	C:\WINDOWS\System32\RPCRT4.dll
0x00007ffb92a00000 - 0x00007ffb92b94000 	C:\WINDOWS\System32\USER32.dll
0x00007ffb906b0000 - 0x00007ffb906d1000 	C:\WINDOWS\System32\win32u.dll
0x00007ffb707a0000 - 0x00007ffb70a24000 	C:\WINDOWS\WinSxS\amd64_microsoft.windows.common-controls_6595b64144ccf1df_6.0.18362.900_none_e6beb9d913147d17\COMCTL32.dll
0x00007ffb92800000 - 0x00007ffb92826000 	C:\WINDOWS\System32\GDI32.dll
0x00007ffb909c0000 - 0x00007ffb90b55000 	C:\WINDOWS\System32\gdi32full.dll
0x00007ffb92f30000 - 0x00007ffb93265000 	C:\WINDOWS\System32\combase.dll
0x00007ffb91340000 - 0x00007ffb913de000 	C:\WINDOWS\System32\msvcp_win.dll
0x00007ffb91430000 - 0x00007ffb914b0000 	C:\WINDOWS\System32\bcryptPrimitives.dll
0x00007ffb8aeb0000 - 0x00007ffb8aeba000 	C:\WINDOWS\SYSTEM32\VERSION.dll
0x00007ffb919b0000 - 0x00007ffb919de000 	C:\WINDOWS\System32\IMM32.DLL
0x00007ffb75580000 - 0x00007ffb7561b000 	C:\Program Files\Java\jdk-14.0.1\bin\msvcp140.dll
0x00007ffb5e830000 - 0x00007ffb5f34e000 	C:\Program Files\Java\jdk-14.0.1\bin\server\jvm.dll
0x00007ffb92c50000 - 0x00007ffb92c58000 	C:\WINDOWS\System32\PSAPI.DLL
0x00007ffb8e540000 - 0x00007ffb8e564000 	C:\WINDOWS\SYSTEM32\WINMM.dll
0x00007ffb77e30000 - 0x00007ffb77e39000 	C:\WINDOWS\SYSTEM32\WSOCK32.dll
0x00007ffb92730000 - 0x00007ffb9279f000 	C:\WINDOWS\System32\WS2_32.dll
0x00007ffb8e510000 - 0x00007ffb8e53d000 	C:\WINDOWS\SYSTEM32\winmmbase.dll
0x00007ffb913e0000 - 0x00007ffb9142a000 	C:\WINDOWS\System32\cfgmgr32.dll
0x00007ffb905f0000 - 0x00007ffb90601000 	C:\WINDOWS\System32\kernel.appcore.dll
0x00007ffb8e050000 - 0x00007ffb8e05a000 	C:\Program Files\Java\jdk-14.0.1\bin\jimage.dll
0x00007ffb77f90000 - 0x00007ffb78184000 	C:\WINDOWS\SYSTEM32\DBGHELP.DLL
0x00007ffb77ec0000 - 0x00007ffb77eea000 	C:\WINDOWS\SYSTEM32\dbgcore.DLL
0x00007ffb8b4b0000 - 0x00007ffb8b4d5000 	C:\Program Files\Java\jdk-14.0.1\bin\java.dll
0x00007ffb8b490000 - 0x00007ffb8b4a6000 	C:\Program Files\Java\jdk-14.0.1\bin\zip.dll

dbghelp: loaded successfully - version: 4.0.5 - missing functions: none
symbol engine: initialized successfully - sym options: 0x614 - pdb path: .;C:\Program Files\Java\jdk-14.0.1\bin;C:\WINDOWS\SYSTEM32;C:\WINDOWS\WinSxS\amd64_microsoft.windows.common-controls_6595b64144ccf1df_6.0.18362.900_none_e6beb9d913147d17;C:\Program Files\Java\jdk-14.0.1\bin\server

VM Arguments:
jvm_args: -Dfile.encoding=Cp1252 
java_command: it.begear.esercizi.giorno4.esercizio4.Main1
java_class_path (initial): C:\Users\39345\git\repository2\EserciziJava\bin
Launcher Type: SUN_STANDARD

[Global flags]
     intx CICompilerCount                          = 4                                         {product} {ergonomic}
     uint ConcGCThreads                            = 2                                         {product} {ergonomic}
     uint G1ConcRefinementThreads                  = 8                                         {product} {ergonomic}
   size_t G1HeapRegionSize                         = 1048576                                   {product} {ergonomic}
    uintx GCDrainStackTargetSize                   = 64                                        {product} {ergonomic}
   size_t InitialHeapSize                          = 132120576                                 {product} {ergonomic}
   size_t MarkStackSize                            = 4194304                                   {product} {ergonomic}
   size_t MaxHeapSize                              = 2107637760                                {product} {ergonomic}
   size_t MinHeapDeltaBytes                        = 1048576                                   {product} {ergonomic}
   size_t MinHeapSize                              = 8388608                                   {product} {ergonomic}
    uintx NonNMethodCodeHeapSize                   = 5839372                                {pd product} {ergonomic}
    uintx NonProfiledCodeHeapSize                  = 122909434                              {pd product} {ergonomic}
    uintx ProfiledCodeHeapSize                     = 122909434                              {pd product} {ergonomic}
    uintx ReservedCodeCacheSize                    = 251658240                              {pd product} {ergonomic}
     bool SegmentedCodeCache                       = true                                      {product} {ergonomic}
   size_t SoftMaxHeapSize                          = 2107637760                             {manageable} {ergonomic}
     bool UseCompressedClassPointers               = true                                 {lp64_product} {ergonomic}
     bool UseCompressedOops                        = true                                 {lp64_product} {ergonomic}
     bool UseG1GC                                  = true                                      {product} {ergonomic}
     bool UseLargePagesIndividualAllocation        = false                                  {pd product} {ergonomic}

Logging:
Log output configuration:
 #0: stdout all=warning uptime,level,tags
 #1: stderr all=off uptime,level,tags

Environment Variables:
PATH=C:/Program Files/Java/jdk-14.0.1/bin/server;C:/Program Files/Java/jdk-14.0.1/bin;C:\Windows\system32;C:\Windows;C:\Windows\System32\Wbem;C:\Windows\System32\WindowsPowerShell\v1.0\;C:\Windows\System32\OpenSSH\;C:\Program Files (x86)\NVIDIA Corporation\PhysX\Common;C:\Program Files\NVIDIA Corporation\NVIDIA NvDLISR;C:\Program Files\Intel\WiFi\bin\;C:\Program Files\Common Files\Intel\WirelessCommon\;%SystemRoot%\system32;%SystemRoot%;%SystemRoot%\System32\Wbem;%SYSTEMROOT%\System32\WindowsPowerShell\v1.0\;%SYSTEMROOT%\System32\OpenSSH\;C:\Program Files\MySQL\MySQL Shell 8.0\bin\;C:\Users\39345\AppData\Local\Microsoft\WindowsApps;C:\Users\39345\AppData\Local\atom\bin;C:\WINDOWS\System32;
USERNAME=39345
OS=Windows_NT
PROCESSOR_IDENTIFIER=Intel64 Family 6 Model 158 Stepping 10, GenuineIntel



---------------  S Y S T E M  ---------------

OS: Windows 10 , 64 bit Build 18362 (10.0.18362.900)
OS uptime: 8 days 15:16 hours

CPU:total 8 (initial active 8) (4 cores per cpu, 2 threads per core) family 6 model 158 stepping 10, cmov, cx8, fxsr, mmx, sse, sse2, sse3, ssse3, sse4.1, sse4.2, popcnt, avx, avx2, aes, clmul, erms, 3dnowpref, lzcnt, ht, tsc, tscinvbit, bmi1, bmi2, adx, fma

Memory: 4k page, system-wide physical 8038M (2766M free)
TotalPageFile size 32614M (AvailPageFile size 127M)
current process WorkingSet (physical memory assigned to process): 10M, peak: 10M
current process commit charge ("private bytes"): 60M, peak: 186M

vm_info: Java HotSpot(TM) 64-Bit Server VM (14.0.1+7) for windows-amd64 JRE (14.0.1+7), built on Mar  5 2020 10:30:14 by "mach5one" with MS VC++ 15.9 (VS2017)

END.
